
          -------------------------------------------------------
          Amber 24 SANDER                              2024
          -------------------------------------------------------

| Run on 07/23/2025 at 00:35:03

|   Executable path: sander
| Working directory: /media/ayushi/New Volume/mounika/amber/DIMER_WITHOUT_DNA
|          Hostname: Unknown
  [-O]verwriting output

File Assignments:
|  MDIN: min1.in                                                               
| MDOUT: min1.out                                                              
|INPCRD: clean_6mdx_sol.rst7                                                   
|  PARM: clean_6mdx_sol.prmtop                                                 
|RESTRT: 6mdx_min1.rst7                                                        
|  REFC: clean_6mdx_sol.rst7                                                   
| MDVEL: mdvel                                                                 
| MDFRC: mdfrc                                                                 
|  MDEN: mden                                                                  
| MDCRD: mdcrd.min1                                                            
|MDINFO: min1.info                                                             
|  MTMD: mtmd                                                                  
|INPDIP: inpdip                                                                
|RSTDIP: rstdip                                                                
|INPTRA: inptraj                                                               


 Here is the input file:

minimization of water and ions                                                 
 &cntrl                                                                        
  imin   = 1,                                                                  
  maxcyc = 1000,                                                               
  ncyc   = 50,                                                                 
  ntc = 1, ntf = 1,                                                            
  iwrap = 1,                                                                   
  ntb    = 1,                                                                  
  ntr    = 1,                                                                  
  cut    = 9.0                                                                 
 /                                                                             
Hold the Enzyme Fixed                                                          
500.0                                                                          
RES 1 381                                                                      
END                                                                            
END                                                                            

--------------------------------------------------------------------------------
   1.  RESOURCE   USE: 
--------------------------------------------------------------------------------

| Flags:                                                                        
 getting new box info from bottom of inpcrd
|  INFO: Old style inpcrd file read

| peek_ewald_inpcrd: Box info found
|Largest sphere to fit in unit cell has radius =    35.319
| New format PARM file being parsed.
| Version =    1.000 Date = 07/23/25 Time = 00:34:18
 NATOM  =   43077 NTYPES =      19 NBONH =   39968 MBONA  =    3200
 NTHETH =    6718 MTHETA =    4344 NPHIH =   13839 MPHIA  =   13411
 NHPARM =       0 NPARM  =       0 NNB   =   82801 NRES   =   12720
 NBONA  =    3200 NTHETA =    4344 NPHIA =   13411 NUMBND =      67
 NUMANG =     152 NPTRA  =     192 NATYP =      37 NPHB   =       0
 IFBOX  =       2 NMXRS  =      24 IFCAP =       0 NEXTRA =       0
 NCOPY  =       0


|     Memory Use     Allocated
|     Real             4370068
|     Hollerith         141953
|     Integer          2307643
|     Max Pairs       19111829
|     nblistReal        516924
|     nblist Int       1725051
|       Total           129142 kbytes

| Note: 1-4 EEL scale factors are being read from the topology file.

| Note: 1-4 VDW scale factors are being read from the topology file.
| Duplicated    0 dihedrals
| Duplicated    0 dihedrals

     BOX TYPE: TRUNCATED OCTAHEDRON

--------------------------------------------------------------------------------
   2.  CONTROL  DATA  FOR  THE  RUN
--------------------------------------------------------------------------------

default_name                                                                    

General flags:
     imin    =       1, nmropt  =       0

Nature and format of input:
     ntx     =       1, irest   =       0, ntrx    =       1

Nature and format of output:
     ntxo    =       2, ntpr    =      50, ntrx    =       1, ntwr    =       1
     iwrap   =       1, ntwx    =       0, ntwv    =       0, ntwe    =       0
     ioutfm  =       1, ntwprt  =       0, idecomp =       0, rbornstat=      0

Potential function:
     ntf     =       1, ntb     =       1, igb     =       0, nsnb    =      25
     ipol    =       0, gbsa    =       0, iesp    =       0
     dielc   =   1.00000, cut     =   9.00000, intdiel =   1.00000

Frozen or restrained atoms:
     ibelly  =       0, ntr     =       1
     restraint_wt =   0.00000

Energy minimization:
     maxcyc  =    1000, ncyc    =      50, ntmin   =       1
     dx0     =   0.01000, drms    =   0.00010

Ewald parameters:
     verbose =       0, ew_type =       0, nbflag  =       1, use_pme =       1
     vdwmeth =       1, eedmeth =       1, netfrc  =       0
     Box X =   86.514   Box Y =   86.514   Box Z =   86.514
     Alpha =  109.471   Beta  =  109.471   Gamma =  109.471
     NFFT1 =   90       NFFT2 =   90       NFFT3 =   90
     Cutoff=    9.000   Tol   =0.100E-04
     Ewald Coefficient =  0.30768
     Interpolation order =    4

    LOADING THE CONSTRAINED ATOMS AS GROUPS


   5.  REFERENCE ATOM COORDINATES

  defa
    ----- READING GROUP     1; TITLE:
 Hold the Enzyme Fixed                                                       

     GROUP    1 HAS HARMONIC CONSTRAINTS   500.00000
 GRP    1 RES    1 TO   381
      Number of atoms in this group  =  6064
    ----- END OF GROUP READ -----

--------------------------------------------------------------------------------
   3.  ATOMIC COORDINATES AND VELOCITIES
--------------------------------------------------------------------------------

default_name                                                                    
 begin time read from input coords =     0.000 ps

 Number of triangulated 3-point waters found:    12337

     Sum of charges from parm topology file =  -0.00000016
     Forcing neutrality...

--------------------------------------------------------------------------------
   4.  RESULTS
--------------------------------------------------------------------------------

 ---------------------------------------------------
 APPROXIMATING switch and d/dx switch using CUBIC SPLINE INTERPOLATION
 using   5000.0 points per unit in tabled values
 TESTING RELATIVE ERROR over r ranging from 0.0 to cutoff
| CHECK switch(x): max rel err =   0.2738E-14   at   2.422500
| CHECK d/dx switch(x): max rel err =   0.8314E-11   at   2.736960
 ---------------------------------------------------
| Local SIZE OF NONBOND LIST =   10366911
| TOTAL SIZE OF NONBOND LIST =   10366911


   NSTEP       ENERGY          RMS            GMAX         NAME    NUMBER
      1      -2.6925E+04     5.4329E+01     9.6670E+03     N        3022

 BOND    =    84101.2312  ANGLE   =     1689.6096  DIHED      =     4215.9982
 VDWAALS =    10582.2250  EEL     =  -143376.7464  HBOND      =        0.0000
 1-4 VDW =     1182.8392  1-4 EEL =    14680.2865  RESTRAINT  =        0.0000


   NSTEP       ENERGY          RMS            GMAX         NAME    NUMBER
     50      -8.5224E+04     1.5059E+01     4.0982E+03     N        3022

 BOND    =    28613.7039  ANGLE   =     1983.5211  DIHED      =     4206.3282
 VDWAALS =     9672.5635  EEL     =  -159181.0421  HBOND      =        0.0000
 1-4 VDW =     1189.6225  1-4 EEL =    14603.9804  RESTRAINT  =    13687.4116
 EAMBER  =   -98911.3225


   NSTEP       ENERGY          RMS            GMAX         NAME    NUMBER
    100      -9.8444E+04     4.0350E+00     8.7034E+02     N        3022

 BOND    =    30836.8152  ANGLE   =     1981.6778  DIHED      =     4205.9560
 VDWAALS =     9243.8143  EEL     =  -173951.6015  HBOND      =        0.0000
 1-4 VDW =     1200.0472  1-4 EEL =    14605.7986  RESTRAINT  =    13433.5661
 EAMBER  =  -111877.4924


   NSTEP       ENERGY          RMS            GMAX         NAME    NUMBER
    150      -1.0234E+05     2.3867E+00     3.0076E+02     N        3022

 BOND    =    31563.8084  ANGLE   =     1987.2802  DIHED      =     4205.0995
 VDWAALS =    10479.4340  EEL     =  -179704.4724  HBOND      =        0.0000
 1-4 VDW =     1201.6028  1-4 EEL =    14605.9834  RESTRAINT  =    13325.6477
 EAMBER  =  -115661.2641


   NSTEP       ENERGY          RMS            GMAX         NAME    NUMBER
    200      -1.0493E+05     1.8064E+00     2.7299E+02     N        3022

 BOND    =    31790.4705  ANGLE   =     1982.7910  DIHED      =     4205.5435
 VDWAALS =    11685.7375  EEL     =  -183757.9862  HBOND      =        0.0000
 1-4 VDW =     1206.3341  1-4 EEL =    14605.9808  RESTRAINT  =    13353.5941
 EAMBER  =  -118281.1288


   NSTEP       ENERGY          RMS            GMAX         NAME    NUMBER
    250      -1.0659E+05     1.5158E+00     2.8557E+02     C        3020

 BOND    =    32084.6652  ANGLE   =     1980.0580  DIHED      =     4204.4335
 VDWAALS =    12681.7330  EEL     =  -186627.5714  HBOND      =        0.0000
 1-4 VDW =     1206.2876  1-4 EEL =    14606.2316  RESTRAINT  =    13276.6917
 EAMBER  =  -119864.1625


   NSTEP       ENERGY          RMS            GMAX         NAME    NUMBER
    300      -1.0851E+05     1.3958E+00     2.2048E+02     C        3020

 BOND    =    32326.2816  ANGLE   =     1983.9165  DIHED      =     4206.5398
 VDWAALS =    14039.9890  EEL     =  -190223.6761  HBOND      =        0.0000
 1-4 VDW =     1204.8575  1-4 EEL =    14605.9108  RESTRAINT  =    13342.0753
 EAMBER  =  -121856.1808


   NSTEP       ENERGY          RMS            GMAX         NAME    NUMBER
    350      -1.0955E+05     1.2125E+00     1.6417E+02     N        3022

 BOND    =    32441.5472  ANGLE   =     1985.6977  DIHED      =     4205.7564
 VDWAALS =    14874.3282  EEL     =  -192217.3444  HBOND      =        0.0000
 1-4 VDW =     1203.8678  1-4 EEL =    14605.8997  RESTRAINT  =    13349.9185
 EAMBER  =  -122900.2474


   NSTEP       ENERGY          RMS            GMAX         NAME    NUMBER
    400      -1.1057E+05     2.5761E+00     4.8337E+02     C        3020

 BOND    =    32637.9691  ANGLE   =     1991.1986  DIHED      =     4205.0722
 VDWAALS =    15759.1850  EEL     =  -194396.0144  HBOND      =        0.0000
 1-4 VDW =     1205.3099  1-4 EEL =    14605.5255  RESTRAINT  =    13420.3330
 EAMBER  =  -123991.7541


   NSTEP       ENERGY          RMS            GMAX         NAME    NUMBER
    450      -1.1141E+05     1.1986E+00     1.9520E+02     N        3022

 BOND    =    32806.9633  ANGLE   =     1983.3755  DIHED      =     4205.4630
 VDWAALS =    16331.9293  EEL     =  -195851.0192  HBOND      =        0.0000
 1-4 VDW =     1210.1064  1-4 EEL =    14605.3438  RESTRAINT  =    13302.7483
 EAMBER  =  -124707.8379


   NSTEP       ENERGY          RMS            GMAX         NAME    NUMBER
    500      -1.1257E+05     8.1951E-01     1.8803E+02     C        3020

 BOND    =    33116.0272  ANGLE   =     1978.8013  DIHED      =     4206.2599
 VDWAALS =    17346.8585  EEL     =  -198273.9362  HBOND      =        0.0000
 1-4 VDW =     1202.3461  1-4 EEL =    14605.0864  RESTRAINT  =    13250.9199
 EAMBER  =  -125818.5568


   NSTEP       ENERGY          RMS            GMAX         NAME    NUMBER
    550      -1.1358E+05     6.6069E-01     1.3621E+02     C        3020

 BOND    =    33226.8438  ANGLE   =     1980.2426  DIHED      =     4206.0538
 VDWAALS =    18270.9080  EEL     =  -200365.7897  HBOND      =        0.0000
 1-4 VDW =     1201.9916  1-4 EEL =    14604.5493  RESTRAINT  =    13293.0858
 EAMBER  =  -126875.2006


   NSTEP       ENERGY          RMS            GMAX         NAME    NUMBER
    600      -1.1422E+05     8.8546E-01     1.2606E+02     N        3022

 BOND    =    33384.2234  ANGLE   =     1978.1116  DIHED      =     4205.7706
 VDWAALS =    18849.4490  EEL     =  -201695.8939  HBOND      =        0.0000
 1-4 VDW =     1201.7257  1-4 EEL =    14604.9290  RESTRAINT  =    13255.2281
 EAMBER  =  -127471.6846


   NSTEP       ENERGY          RMS            GMAX         NAME    NUMBER
    650      -1.1482E+05     1.4686E+00     3.1178E+02     N        3022

 BOND    =    33704.8111  ANGLE   =     1977.5668  DIHED      =     4206.6692
 VDWAALS =    19301.9818  EEL     =  -202994.0652  HBOND      =        0.0000
 1-4 VDW =     1204.7478  1-4 EEL =    14605.4152  RESTRAINT  =    13169.7850
 EAMBER  =  -127992.8733


   NSTEP       ENERGY          RMS            GMAX         NAME    NUMBER
    700      -1.1534E+05     6.1787E-01     6.6925E+01     C        2534

 BOND    =    33613.7407  ANGLE   =     1981.5218  DIHED      =     4207.4686
 VDWAALS =    19807.1930  EEL     =  -204032.1063  HBOND      =        0.0000
 1-4 VDW =     1202.2199  1-4 EEL =    14605.2184  RESTRAINT  =    13274.7296
 EAMBER  =  -128614.7438


   NSTEP       ENERGY          RMS            GMAX         NAME    NUMBER
    750      -1.1584E+05     4.8711E-01     7.9823E+01     C        3020

 BOND    =    33696.9991  ANGLE   =     1980.5570  DIHED      =     4206.0321
 VDWAALS =    20259.2514  EEL     =  -205071.3616  HBOND      =        0.0000
 1-4 VDW =     1202.6245  1-4 EEL =    14604.7454  RESTRAINT  =    13283.7121
 EAMBER  =  -129121.1521


   NSTEP       ENERGY          RMS            GMAX         NAME    NUMBER
    800      -1.1647E+05     7.2437E-01     1.1299E+02     C        3020

 BOND    =    33856.1098  ANGLE   =     1981.0826  DIHED      =     4206.6762
 VDWAALS =    20823.2004  EEL     =  -206422.9684  HBOND      =        0.0000
 1-4 VDW =     1201.8136  1-4 EEL =    14605.1544  RESTRAINT  =    13276.3491
 EAMBER  =  -129748.9314


   NSTEP       ENERGY          RMS            GMAX         NAME    NUMBER
    850      -1.1684E+05     6.3884E-01     9.7004E+01     C        3020

 BOND    =    33903.0707  ANGLE   =     1980.5154  DIHED      =     4206.5716
 VDWAALS =    21139.5494  EEL     =  -207172.3443  HBOND      =        0.0000
 1-4 VDW =     1202.8189  1-4 EEL =    14604.9043  RESTRAINT  =    13298.4475
 EAMBER  =  -130134.9141


   NSTEP       ENERGY          RMS            GMAX         NAME    NUMBER
    900      -1.1715E+05     6.6666E-01     1.1955E+02     N        3022

 BOND    =    33967.4118  ANGLE   =     1979.9526  DIHED      =     4206.3610
 VDWAALS =    21434.7406  EEL     =  -207837.0139  HBOND      =        0.0000
 1-4 VDW =     1201.9254  1-4 EEL =    14604.6995  RESTRAINT  =    13288.5990
 EAMBER  =  -130441.9231


   NSTEP       ENERGY          RMS            GMAX         NAME    NUMBER
    950      -1.1749E+05     5.8957E-01     8.2737E+01     CA       2516

 BOND    =    33990.6166  ANGLE   =     1980.6979  DIHED      =     4206.9923
 VDWAALS =    21768.0596  EEL     =  -208548.5425  HBOND      =        0.0000
 1-4 VDW =     1201.9080  1-4 EEL =    14604.8421  RESTRAINT  =    13302.8849
 EAMBER  =  -130795.4260


   NSTEP       ENERGY          RMS            GMAX         NAME    NUMBER
   1000      -1.1778E+05     1.1094E+00     2.5969E+02     C        3020

 BOND    =    34215.6841  ANGLE   =     1977.8572  DIHED      =     4206.7213
 VDWAALS =    21950.0114  EEL     =  -209161.4508  HBOND      =        0.0000
 1-4 VDW =     1203.2481  1-4 EEL =    14604.7911  RESTRAINT  =    13226.7579
 EAMBER  =  -131003.1375


  Maximum number of minimization cycles reached.


                    FINAL RESULTS



   NSTEP       ENERGY          RMS            GMAX         NAME    NUMBER
   1000      -1.1778E+05     1.1094E+00     2.5969E+02     C        3020

 BOND    =    34215.6841  ANGLE   =     1977.8572  DIHED      =     4206.7213
 VDWAALS =    21950.0114  EEL     =  -209161.4508  HBOND      =        0.0000
 1-4 VDW =     1203.2481  1-4 EEL =    14604.7911  RESTRAINT  =    13226.7579
 EAMBER  =  -131003.1375

--------------------------------------------------------------------------------
   5.  TIMINGS
--------------------------------------------------------------------------------

|    Read coords time           0.02 ( 0.01% of Total)
|                Build the list             2.44 (95.25% of List )
|                Other                      0.12 ( 4.75% of List )
|             List time                  2.56 ( 1.83% of Nonbo)
|                   Short_ene time           106.64 (99.05% of Direc)
|                   Other                      1.02 ( 0.95% of Direc)
|                Direct Ewald time        107.66 (78.59% of Ewald)
|                Adjust Ewald time          0.85 ( 0.62% of Ewald)
|                   Fill Bspline coeffs        1.02 ( 3.61% of Recip)
|                   Fill charge grid           3.39 (11.99% of Recip)
|                   Scalar sum                 9.26 (32.78% of Recip)
|                   Grad sum                   4.31 (15.24% of Recip)
|                   FFT time                  10.27 (36.35% of Recip)
|                   Other                      0.01 ( 0.03% of Recip)
|                Recip Ewald time          28.26 (20.62% of Ewald)
|                Virial junk                0.08 ( 0.06% of Ewald)
|                Other                      0.15 ( 0.11% of Ewald)
|             Ewald time               137.00 (98.17% of Nonbo)
|          Nonbond force            139.56 (98.43% of Force)
|          Bond/Angle/Dihedral        2.17 ( 1.53% of Force)
|          Other                      0.06 ( 0.04% of Force)
|       Force time               141.78 (100.0% of Runmd)
|    Runmd Time               141.78 (98.76% of Total)
|    Other                      1.77 ( 1.23% of Total)
| Total time               143.57 (100.0% of ALL  )

| Number of list builds   :         14

| Highest rstack allocated:    2711821
| Highest istack allocated:      43077
|           Job began  at 00:35:03.441  on 07/23/2025
|           Setup done at 00:35:03.629  on 07/23/2025
|           Run   done at 00:37:27.008  on 07/23/2025
|     wallclock() was called   38076 times

|3D-RISM memory allocation summary
|Type          Maximum        Current   
|Integer       0.00000 GB     0.00000 GB
|Real          0.00000 GB     0.00000 GB
|Logical       0.00000 GB     0.00000 GB
|Character     0.00000 GB     0.00000 GB
|---------------------------------------
|Total         0.00000 GB     0.00000 GB
