
          -------------------------------------------------------
          Amber 24 SANDER                              2024
          -------------------------------------------------------

| Run on 07/23/2025 at 00:37:27

|   Executable path: sander
| Working directory: /media/ayushi/New Volume/mounika/amber/DIMER_WITHOUT_DNA
|          Hostname: Unknown
  [-O]verwriting output

File Assignments:
|  MDIN: min2.in                                                               
| MDOUT: min2.out                                                              
|INPCRD: 6mdx_min1.rst7                                                        
|  PARM: clean_6mdx_sol.prmtop                                                 
|RESTRT: 6mdx_min2.rst7                                                        
|  REFC: 6mdx_min1.rst7                                                        
| MDVEL: mdvel                                                                 
| MDFRC: mdfrc                                                                 
|  MDEN: mden                                                                  
| MDCRD: mdcrd.min2                                                            
|MDINFO: min2.info                                                             
|  MTMD: mtmd                                                                  
|INPDIP: inpdip                                                                
|RSTDIP: rstdip                                                                
|INPTRA: inptraj                                                               


 Here is the input file:

minimization of enzyme                                                         
 &cntrl                                                                        
  imin   = 1,                                                                  
  maxcyc = 2500,                                                               
  ncyc   = 50,                                                                 
  ntc = 2, ntf = 2,                                                            
  iwrap = 1,                                                                   
  ntb    = 1,                                                                  
  ntr    = 0,                                                                  
  cut    = 9.0                                                                 
 /                                                                             

--------------------------------------------------------------------------------
   1.  RESOURCE   USE: 
--------------------------------------------------------------------------------

| Flags:                                                                        
 getting box info from netcdf restart file
| NetCDF restart box info found
|Largest sphere to fit in unit cell has radius =    35.319
| New format PARM file being parsed.
| Version =    1.000 Date = 07/23/25 Time = 00:34:18
 NATOM  =   43077 NTYPES =      19 NBONH =   39968 MBONA  =    3200
 NTHETH =    6718 MTHETA =    4344 NPHIH =   13839 MPHIA  =   13411
 NHPARM =       0 NPARM  =       0 NNB   =   82801 NRES   =   12720
 NBONA  =    3200 NTHETA =    4344 NPHIA =   13411 NUMBND =      67
 NUMANG =     152 NPTRA  =     192 NATYP =      37 NPHB   =       0
 IFBOX  =       2 NMXRS  =      24 IFCAP =       0 NEXTRA =       0
 NCOPY  =       0


|     Memory Use     Allocated
|     Real             4147760
|     Hollerith         141953
|     Integer          2307643
|     Max Pairs       19111829
|     nblistReal        516924
|     nblist Int       1725051
|       Total           127405 kbytes

| Note: 1-4 EEL scale factors are being read from the topology file.

| Note: 1-4 VDW scale factors are being read from the topology file.
| Duplicated    0 dihedrals
| Duplicated    0 dihedrals

     BOX TYPE: TRUNCATED OCTAHEDRON

--------------------------------------------------------------------------------
   2.  CONTROL  DATA  FOR  THE  RUN
--------------------------------------------------------------------------------

default_name                                                                    

General flags:
     imin    =       1, nmropt  =       0

Nature and format of input:
     ntx     =       1, irest   =       0, ntrx    =       1

Nature and format of output:
     ntxo    =       2, ntpr    =      50, ntrx    =       1, ntwr    =       1
     iwrap   =       1, ntwx    =       0, ntwv    =       0, ntwe    =       0
     ioutfm  =       1, ntwprt  =       0, idecomp =       0, rbornstat=      0

Potential function:
     ntf     =       2, ntb     =       1, igb     =       0, nsnb    =      25
     ipol    =       0, gbsa    =       0, iesp    =       0
     dielc   =   1.00000, cut     =   9.00000, intdiel =   1.00000

Frozen or restrained atoms:
     ibelly  =       0, ntr     =       0

Energy minimization:
     maxcyc  =    2500, ncyc    =      50, ntmin   =       1
     dx0     =   0.01000, drms    =   0.00010

SHAKE:
     ntc     =       2, jfastw  =       0
     tol     =   0.00001

Ewald parameters:
     verbose =       0, ew_type =       0, nbflag  =       1, use_pme =       1
     vdwmeth =       1, eedmeth =       1, netfrc  =       0
     Box X =   86.514   Box Y =   86.514   Box Z =   86.514
     Alpha =  109.471   Beta  =  109.471   Gamma =  109.471
     NFFT1 =   90       NFFT2 =   90       NFFT3 =   90
     Cutoff=    9.000   Tol   =0.100E-04
     Ewald Coefficient =  0.30768
     Interpolation order =    4
|  INFO: Old style inpcrd file read


--------------------------------------------------------------------------------
   3.  ATOMIC COORDINATES AND VELOCITIES
--------------------------------------------------------------------------------

default_name                                                                    
 begin time read from input coords =     0.000 ps

 Number of triangulated 3-point waters found:    12337

     Sum of charges from parm topology file =  -0.00000016
     Forcing neutrality...

--------------------------------------------------------------------------------
   4.  RESULTS
--------------------------------------------------------------------------------

 ---------------------------------------------------
 APPROXIMATING switch and d/dx switch using CUBIC SPLINE INTERPOLATION
 using   5000.0 points per unit in tabled values
 TESTING RELATIVE ERROR over r ranging from 0.0 to cutoff
| CHECK switch(x): max rel err =   0.2738E-14   at   2.422500
| CHECK d/dx switch(x): max rel err =   0.8314E-11   at   2.736960
 ---------------------------------------------------
| Local SIZE OF NONBOND LIST =   10379590
| TOTAL SIZE OF NONBOND LIST =   10379590


   NSTEP       ENERGY          RMS            GMAX         NAME    NUMBER
      1      -1.2030E+05     2.5082E+01     2.5271E+03     C        3020

 BOND    =    23575.4039  ANGLE   =     1976.5198  DIHED      =     4206.7585
 VDWAALS =    22039.7536  EEL     =  -187899.5319  HBOND      =        0.0000
 1-4 VDW =     1202.2422  1-4 EEL =    14601.7117  RESTRAINT  =        0.0000


   NSTEP       ENERGY          RMS            GMAX         NAME    NUMBER
     50      -1.3618E+05     1.7207E+01     2.1560E+02     HB3      3031

 BOND    =     4616.3096  ANGLE   =     2603.4438  DIHED      =     4258.7948
 VDWAALS =    18849.9911  EEL     =  -182280.0738  HBOND      =        0.0000
 1-4 VDW =     1296.9941  1-4 EEL =    14469.6281  RESTRAINT  =        0.0000


   NSTEP       ENERGY          RMS            GMAX         NAME    NUMBER
    100      -1.3618E+05     1.7201E+01     2.1771E+02     HB3      3031

 BOND    =     4593.2677  ANGLE   =     2602.7161  DIHED      =     4258.4848
 VDWAALS =    18830.3230  EEL     =  -182231.1531  HBOND      =        0.0000
 1-4 VDW =     1296.9070  1-4 EEL =    14469.4267  RESTRAINT  =        0.0000


   NSTEP       ENERGY          RMS            GMAX         NAME    NUMBER
    150      -1.3618E+05     1.7201E+01     2.1771E+02     HB3      3031

 BOND    =     4593.2560  ANGLE   =     2602.7159  DIHED      =     4258.4847
 VDWAALS =    18830.3127  EEL     =  -182231.1294  HBOND      =        0.0000
 1-4 VDW =     1296.9069  1-4 EEL =    14469.4266  RESTRAINT  =        0.0000


   NSTEP       ENERGY          RMS            GMAX         NAME    NUMBER
    200      -1.3618E+05     1.7201E+01     2.1772E+02     HB3      3031

 BOND    =     4593.2468  ANGLE   =     2602.7156  DIHED      =     4258.4846
 VDWAALS =    18830.3061  EEL     =  -182231.1102  HBOND      =        0.0000
 1-4 VDW =     1296.9070  1-4 EEL =    14469.4265  RESTRAINT  =        0.0000


   NSTEP       ENERGY          RMS            GMAX         NAME    NUMBER
    250      -1.3618E+05     1.7201E+01     2.1772E+02     HB3      3031

 BOND    =     4593.2379  ANGLE   =     2602.7153  DIHED      =     4258.4845
 VDWAALS =    18830.2984  EEL     =  -182231.0920  HBOND      =        0.0000
 1-4 VDW =     1296.9069  1-4 EEL =    14469.4264  RESTRAINT  =        0.0000


   NSTEP       ENERGY          RMS            GMAX         NAME    NUMBER
    300      -1.3618E+05     1.7201E+01     2.1771E+02     HB3      3031

 BOND    =     4593.2233  ANGLE   =     2602.7149  DIHED      =     4258.4843
 VDWAALS =    18830.2853  EEL     =  -182231.0622  HBOND      =        0.0000
 1-4 VDW =     1296.9070  1-4 EEL =    14469.4262  RESTRAINT  =        0.0000


   NSTEP       ENERGY          RMS            GMAX         NAME    NUMBER
    350      -1.3618E+05     1.7201E+01     2.1771E+02     HB3      3031

 BOND    =     4593.2052  ANGLE   =     2602.7143  DIHED      =     4258.4841
 VDWAALS =    18830.2695  EEL     =  -182231.0252  HBOND      =        0.0000
 1-4 VDW =     1296.9071  1-4 EEL =    14469.4259  RESTRAINT  =        0.0000


   NSTEP       ENERGY          RMS            GMAX         NAME    NUMBER
    400      -1.3618E+05     1.7201E+01     2.1772E+02     HB3      3031

 BOND    =     4593.1991  ANGLE   =     2602.7142  DIHED      =     4258.4840
 VDWAALS =    18830.2650  EEL     =  -182231.0115  HBOND      =        0.0000
 1-4 VDW =     1296.9071  1-4 EEL =    14469.4258  RESTRAINT  =        0.0000


   NSTEP       ENERGY          RMS            GMAX         NAME    NUMBER
    450      -1.3618E+05     1.7201E+01     2.1772E+02     HB3      3031

 BOND    =     4593.1858  ANGLE   =     2602.7139  DIHED      =     4258.4838
 VDWAALS =    18830.2546  EEL     =  -182230.9862  HBOND      =        0.0000
 1-4 VDW =     1296.9069  1-4 EEL =    14469.4256  RESTRAINT  =        0.0000


   NSTEP       ENERGY          RMS            GMAX         NAME    NUMBER
    500      -1.3618E+05     1.7201E+01     2.1772E+02     HB3      3031

 BOND    =     4593.1774  ANGLE   =     2602.7137  DIHED      =     4258.4837
 VDWAALS =    18830.2477  EEL     =  -182230.9690  HBOND      =        0.0000
 1-4 VDW =     1296.9067  1-4 EEL =    14469.4255  RESTRAINT  =        0.0000


   NSTEP       ENERGY          RMS            GMAX         NAME    NUMBER
    550      -1.3618E+05     1.7201E+01     2.1772E+02     HB3      3031

 BOND    =     4593.1623  ANGLE   =     2602.7134  DIHED      =     4258.4836
 VDWAALS =    18830.2354  EEL     =  -182230.9379  HBOND      =        0.0000
 1-4 VDW =     1296.9064  1-4 EEL =    14469.4252  RESTRAINT  =        0.0000


   NSTEP       ENERGY          RMS            GMAX         NAME    NUMBER
    600      -1.3618E+05     1.7201E+01     2.1772E+02     HB3      3031

 BOND    =     4593.1504  ANGLE   =     2602.7130  DIHED      =     4258.4834
 VDWAALS =    18830.2264  EEL     =  -182230.9131  HBOND      =        0.0000
 1-4 VDW =     1296.9062  1-4 EEL =    14469.4251  RESTRAINT  =        0.0000


   NSTEP       ENERGY          RMS            GMAX         NAME    NUMBER
    650      -1.3618E+05     1.7201E+01     2.1772E+02     HB3      3031

 BOND    =     4593.1435  ANGLE   =     2602.7127  DIHED      =     4258.4833
 VDWAALS =    18830.2191  EEL     =  -182230.8977  HBOND      =        0.0000
 1-4 VDW =     1296.9068  1-4 EEL =    14469.4250  RESTRAINT  =        0.0000

     ... RESTARTED DUE TO LINMIN FAILURE ...


   NSTEP       ENERGY          RMS            GMAX         NAME    NUMBER
    700      -1.3618E+05     1.7201E+01     2.1772E+02     HB3      3031

 BOND    =     4593.1308  ANGLE   =     2602.7124  DIHED      =     4258.4832
 VDWAALS =    18830.2093  EEL     =  -182230.8725  HBOND      =        0.0000
 1-4 VDW =     1296.9065  1-4 EEL =    14469.4249  RESTRAINT  =        0.0000


   NSTEP       ENERGY          RMS            GMAX         NAME    NUMBER
    750      -1.3618E+05     1.7201E+01     2.1772E+02     HB3      3031

 BOND    =     4593.1203  ANGLE   =     2602.7122  DIHED      =     4258.4831
 VDWAALS =    18830.2004  EEL     =  -182230.8512  HBOND      =        0.0000
 1-4 VDW =     1296.9061  1-4 EEL =    14469.4247  RESTRAINT  =        0.0000


   NSTEP       ENERGY          RMS            GMAX         NAME    NUMBER
    800      -1.3618E+05     1.7201E+01     2.1772E+02     HB3      3031

 BOND    =     4593.1106  ANGLE   =     2602.7119  DIHED      =     4258.4829
 VDWAALS =    18830.1921  EEL     =  -182230.8315  HBOND      =        0.0000
 1-4 VDW =     1296.9063  1-4 EEL =    14469.4245  RESTRAINT  =        0.0000


   NSTEP       ENERGY          RMS            GMAX         NAME    NUMBER
    850      -1.3618E+05     1.7200E+01     2.1772E+02     HB3      3031

 BOND    =     4593.1015  ANGLE   =     2602.7116  DIHED      =     4258.4828
 VDWAALS =    18830.1843  EEL     =  -182230.8127  HBOND      =        0.0000
 1-4 VDW =     1296.9064  1-4 EEL =    14469.4244  RESTRAINT  =        0.0000


   NSTEP       ENERGY          RMS            GMAX         NAME    NUMBER
    900      -1.3618E+05     1.7200E+01     2.1772E+02     HB3      3031

 BOND    =     4593.0905  ANGLE   =     2602.7114  DIHED      =     4258.4827
 VDWAALS =    18830.1747  EEL     =  -182230.7889  HBOND      =        0.0000
 1-4 VDW =     1296.9060  1-4 EEL =    14469.4242  RESTRAINT  =        0.0000


   NSTEP       ENERGY          RMS            GMAX         NAME    NUMBER
    950      -1.3618E+05     1.7200E+01     2.1772E+02     HB3      3031

 BOND    =     4593.0813  ANGLE   =     2602.7110  DIHED      =     4258.4826
 VDWAALS =    18830.1665  EEL     =  -182230.7684  HBOND      =        0.0000
 1-4 VDW =     1296.9063  1-4 EEL =    14469.4241  RESTRAINT  =        0.0000


   NSTEP       ENERGY          RMS            GMAX         NAME    NUMBER
   1000      -1.3618E+05     1.7200E+01     2.1773E+02     HB3      3031

 BOND    =     4593.0718  ANGLE   =     2602.7108  DIHED      =     4258.4825
 VDWAALS =    18830.1587  EEL     =  -182230.7488  HBOND      =        0.0000
 1-4 VDW =     1296.9063  1-4 EEL =    14469.4240  RESTRAINT  =        0.0000


   NSTEP       ENERGY          RMS            GMAX         NAME    NUMBER
   1050      -1.3618E+05     1.7200E+01     2.1773E+02     HB3      3031

 BOND    =     4593.0531  ANGLE   =     2602.7102  DIHED      =     4258.4823
 VDWAALS =    18830.1430  EEL     =  -182230.7100  HBOND      =        0.0000
 1-4 VDW =     1296.9063  1-4 EEL =    14469.4236  RESTRAINT  =        0.0000


   NSTEP       ENERGY          RMS            GMAX         NAME    NUMBER
   1100      -1.3618E+05     1.7200E+01     2.1773E+02     HB3      3031

 BOND    =     4593.0436  ANGLE   =     2602.7100  DIHED      =     4258.4821
 VDWAALS =    18830.1351  EEL     =  -182230.6909  HBOND      =        0.0000
 1-4 VDW =     1296.9063  1-4 EEL =    14469.4234  RESTRAINT  =        0.0000


   NSTEP       ENERGY          RMS            GMAX         NAME    NUMBER
   1150      -1.3618E+05     1.7200E+01     2.1773E+02     HB3      3031

 BOND    =     4593.0343  ANGLE   =     2602.7097  DIHED      =     4258.4820
 VDWAALS =    18830.1285  EEL     =  -182230.6709  HBOND      =        0.0000
 1-4 VDW =     1296.9060  1-4 EEL =    14469.4233  RESTRAINT  =        0.0000


   NSTEP       ENERGY          RMS            GMAX         NAME    NUMBER
   1200      -1.3618E+05     1.7200E+01     2.1773E+02     HB3      3031

 BOND    =     4593.0260  ANGLE   =     2602.7095  DIHED      =     4258.4819
 VDWAALS =    18830.1204  EEL     =  -182230.6534  HBOND      =        0.0000
 1-4 VDW =     1296.9063  1-4 EEL =    14469.4232  RESTRAINT  =        0.0000


   NSTEP       ENERGY          RMS            GMAX         NAME    NUMBER
   1250      -1.3618E+05     1.7200E+01     2.1773E+02     HB3      3031

 BOND    =     4593.0167  ANGLE   =     2602.7091  DIHED      =     4258.4818
 VDWAALS =    18830.1125  EEL     =  -182230.6326  HBOND      =        0.0000
 1-4 VDW =     1296.9064  1-4 EEL =    14469.4232  RESTRAINT  =        0.0000


   NSTEP       ENERGY          RMS            GMAX         NAME    NUMBER
   1300      -1.3618E+05     1.7200E+01     2.1774E+02     HB3      3031

 BOND    =     4593.0050  ANGLE   =     2602.7089  DIHED      =     4258.4817
 VDWAALS =    18830.1037  EEL     =  -182230.6085  HBOND      =        0.0000
 1-4 VDW =     1296.9059  1-4 EEL =    14469.4229  RESTRAINT  =        0.0000


   NSTEP       ENERGY          RMS            GMAX         NAME    NUMBER
   1350      -1.3618E+05     1.7200E+01     2.1774E+02     HB3      3031

 BOND    =     4592.9965  ANGLE   =     2602.7087  DIHED      =     4258.4816
 VDWAALS =    18830.0966  EEL     =  -182230.5897  HBOND      =        0.0000
 1-4 VDW =     1296.9061  1-4 EEL =    14469.4229  RESTRAINT  =        0.0000


   NSTEP       ENERGY          RMS            GMAX         NAME    NUMBER
   1400      -1.3618E+05     1.7200E+01     2.1773E+02     HB3      3031

 BOND    =     4592.9814  ANGLE   =     2602.7082  DIHED      =     4258.4814
 VDWAALS =    18830.0828  EEL     =  -182230.5590  HBOND      =        0.0000
 1-4 VDW =     1296.9058  1-4 EEL =    14469.4228  RESTRAINT  =        0.0000


   NSTEP       ENERGY          RMS            GMAX         NAME    NUMBER
   1450      -1.3618E+05     1.7200E+01     2.1773E+02     HB3      3031

 BOND    =     4592.9719  ANGLE   =     2602.7079  DIHED      =     4258.4813
 VDWAALS =    18830.0747  EEL     =  -182230.5389  HBOND      =        0.0000
 1-4 VDW =     1296.9060  1-4 EEL =    14469.4227  RESTRAINT  =        0.0000


   NSTEP       ENERGY          RMS            GMAX         NAME    NUMBER
   1500      -1.3618E+05     1.7200E+01     2.1774E+02     HB3      3031

 BOND    =     4592.9656  ANGLE   =     2602.7078  DIHED      =     4258.4812
 VDWAALS =    18830.0697  EEL     =  -182230.5253  HBOND      =        0.0000
 1-4 VDW =     1296.9059  1-4 EEL =    14469.4226  RESTRAINT  =        0.0000


   NSTEP       ENERGY          RMS            GMAX         NAME    NUMBER
   1550      -1.3618E+05     1.7200E+01     2.1774E+02     HB3      3031

 BOND    =     4592.9602  ANGLE   =     2602.7077  DIHED      =     4258.4811
 VDWAALS =    18830.0662  EEL     =  -182230.5142  HBOND      =        0.0000
 1-4 VDW =     1296.9058  1-4 EEL =    14469.4225  RESTRAINT  =        0.0000


   NSTEP       ENERGY          RMS            GMAX         NAME    NUMBER
   1600      -1.3618E+05     1.7200E+01     2.1774E+02     HB3      3031

 BOND    =     4592.9494  ANGLE   =     2602.7073  DIHED      =     4258.4810
 VDWAALS =    18830.0567  EEL     =  -182230.4916  HBOND      =        0.0000
 1-4 VDW =     1296.9055  1-4 EEL =    14469.4225  RESTRAINT  =        0.0000


   NSTEP       ENERGY          RMS            GMAX         NAME    NUMBER
   1650      -1.3618E+05     1.7200E+01     2.1774E+02     HB3      3031

 BOND    =     4592.9394  ANGLE   =     2602.7071  DIHED      =     4258.4809
 VDWAALS =    18830.0484  EEL     =  -182230.4705  HBOND      =        0.0000
 1-4 VDW =     1296.9056  1-4 EEL =    14469.4225  RESTRAINT  =        0.0000


   NSTEP       ENERGY          RMS            GMAX         NAME    NUMBER
   1700      -1.3618E+05     1.7200E+01     2.1774E+02     HB3      3031

 BOND    =     4592.9334  ANGLE   =     2602.7068  DIHED      =     4258.4808
 VDWAALS =    18830.0435  EEL     =  -182230.4576  HBOND      =        0.0000
 1-4 VDW =     1296.9057  1-4 EEL =    14469.4224  RESTRAINT  =        0.0000


   NSTEP       ENERGY          RMS            GMAX         NAME    NUMBER
   1750      -1.3618E+05     1.7200E+01     2.1774E+02     HB3      3031

 BOND    =     4592.9232  ANGLE   =     2602.7065  DIHED      =     4258.4807
 VDWAALS =    18830.0346  EEL     =  -182230.4360  HBOND      =        0.0000
 1-4 VDW =     1296.9057  1-4 EEL =    14469.4223  RESTRAINT  =        0.0000


   NSTEP       ENERGY          RMS            GMAX         NAME    NUMBER
   1800      -1.3618E+05     1.7200E+01     2.1774E+02     HB3      3031

 BOND    =     4592.9088  ANGLE   =     2602.7062  DIHED      =     4258.4805
 VDWAALS =    18830.0219  EEL     =  -182230.4057  HBOND      =        0.0000
 1-4 VDW =     1296.9055  1-4 EEL =    14469.4222  RESTRAINT  =        0.0000


   NSTEP       ENERGY          RMS            GMAX         NAME    NUMBER
   1850      -1.3618E+05     1.7200E+01     2.1774E+02     HB3      3031

 BOND    =     4592.8915  ANGLE   =     2602.7055  DIHED      =     4258.4803
 VDWAALS =    18830.0072  EEL     =  -182230.3689  HBOND      =        0.0000
 1-4 VDW =     1296.9056  1-4 EEL =    14469.4221  RESTRAINT  =        0.0000


   NSTEP       ENERGY          RMS            GMAX         NAME    NUMBER
   1900      -1.3618E+05     1.7200E+01     2.1774E+02     HB3      3031

 BOND    =     4592.8819  ANGLE   =     2602.7053  DIHED      =     4258.4802
 VDWAALS =    18829.9988  EEL     =  -182230.3486  HBOND      =        0.0000
 1-4 VDW =     1296.9057  1-4 EEL =    14469.4220  RESTRAINT  =        0.0000


   NSTEP       ENERGY          RMS            GMAX         NAME    NUMBER
   1950      -1.3618E+05     1.7200E+01     2.1774E+02     HB3      3031

 BOND    =     4592.8746  ANGLE   =     2602.7051  DIHED      =     4258.4801
 VDWAALS =    18829.9932  EEL     =  -182230.3330  HBOND      =        0.0000
 1-4 VDW =     1296.9056  1-4 EEL =    14469.4217  RESTRAINT  =        0.0000


   NSTEP       ENERGY          RMS            GMAX         NAME    NUMBER
   2000      -1.3618E+05     1.7200E+01     2.1775E+02     HB3      3031

 BOND    =     4592.8633  ANGLE   =     2602.7049  DIHED      =     4258.4800
 VDWAALS =    18829.9848  EEL     =  -182230.3096  HBOND      =        0.0000
 1-4 VDW =     1296.9055  1-4 EEL =    14469.4216  RESTRAINT  =        0.0000


   NSTEP       ENERGY          RMS            GMAX         NAME    NUMBER
   2050      -1.3618E+05     1.7200E+01     2.1775E+02     HB3      3031

 BOND    =     4592.8576  ANGLE   =     2602.7047  DIHED      =     4258.4799
 VDWAALS =    18829.9794  EEL     =  -182230.2977  HBOND      =        0.0000
 1-4 VDW =     1296.9051  1-4 EEL =    14469.4215  RESTRAINT  =        0.0000


   NSTEP       ENERGY          RMS            GMAX         NAME    NUMBER
   2100      -1.3618E+05     1.7200E+01     2.1775E+02     HB3      3031

 BOND    =     4592.8432  ANGLE   =     2602.7042  DIHED      =     4258.4797
 VDWAALS =    18829.9675  EEL     =  -182230.2672  HBOND      =        0.0000
 1-4 VDW =     1296.9054  1-4 EEL =    14469.4216  RESTRAINT  =        0.0000


   NSTEP       ENERGY          RMS            GMAX         NAME    NUMBER
   2150      -1.3618E+05     1.7200E+01     2.1775E+02     HB3      3031

 BOND    =     4592.8304  ANGLE   =     2602.7038  DIHED      =     4258.4796
 VDWAALS =    18829.9559  EEL     =  -182230.2402  HBOND      =        0.0000
 1-4 VDW =     1296.9053  1-4 EEL =    14469.4215  RESTRAINT  =        0.0000


   NSTEP       ENERGY          RMS            GMAX         NAME    NUMBER
   2200      -1.3618E+05     1.7200E+01     2.1775E+02     HB3      3031

 BOND    =     4592.8231  ANGLE   =     2602.7036  DIHED      =     4258.4795
 VDWAALS =    18829.9497  EEL     =  -182230.2251  HBOND      =        0.0000
 1-4 VDW =     1296.9056  1-4 EEL =    14469.4214  RESTRAINT  =        0.0000


   NSTEP       ENERGY          RMS            GMAX         NAME    NUMBER
   2250      -1.3618E+05     1.7200E+01     2.1775E+02     HB3      3031

 BOND    =     4592.8141  ANGLE   =     2602.7033  DIHED      =     4258.4794
 VDWAALS =    18829.9420  EEL     =  -182230.2051  HBOND      =        0.0000
 1-4 VDW =     1296.9054  1-4 EEL =    14469.4212  RESTRAINT  =        0.0000


   NSTEP       ENERGY          RMS            GMAX         NAME    NUMBER
   2300      -1.3618E+05     1.7200E+01     2.1775E+02     HB3      3031

 BOND    =     4592.8019  ANGLE   =     2602.7030  DIHED      =     4258.4792
 VDWAALS =    18829.9318  EEL     =  -182230.1799  HBOND      =        0.0000
 1-4 VDW =     1296.9053  1-4 EEL =    14469.4211  RESTRAINT  =        0.0000

     ... RESTARTED DUE TO LINMIN FAILURE ...


   NSTEP       ENERGY          RMS            GMAX         NAME    NUMBER
   2350      -1.3618E+05     1.7200E+01     2.1775E+02     HB3      3031

 BOND    =     4592.7957  ANGLE   =     2602.7029  DIHED      =     4258.4792
 VDWAALS =    18829.9257  EEL     =  -182230.1667  HBOND      =        0.0000
 1-4 VDW =     1296.9052  1-4 EEL =    14469.4211  RESTRAINT  =        0.0000


   NSTEP       ENERGY          RMS            GMAX         NAME    NUMBER
   2400      -1.3618E+05     1.7200E+01     2.1776E+02     HB3      3031

 BOND    =     4592.7775  ANGLE   =     2602.7024  DIHED      =     4258.4789
 VDWAALS =    18829.9118  EEL     =  -182230.1299  HBOND      =        0.0000
 1-4 VDW =     1296.9051  1-4 EEL =    14469.4209  RESTRAINT  =        0.0000


   NSTEP       ENERGY          RMS            GMAX         NAME    NUMBER
   2450      -1.3618E+05     1.7200E+01     2.1776E+02     HB3      3031

 BOND    =     4592.7659  ANGLE   =     2602.7020  DIHED      =     4258.4788
 VDWAALS =    18829.9015  EEL     =  -182230.1073  HBOND      =        0.0000
 1-4 VDW =     1296.9048  1-4 EEL =    14469.4208  RESTRAINT  =        0.0000


   NSTEP       ENERGY          RMS            GMAX         NAME    NUMBER
   2500      -1.3618E+05     1.7200E+01     2.1776E+02     HB3      3031

 BOND    =     4592.7559  ANGLE   =     2602.7018  DIHED      =     4258.4787
 VDWAALS =    18829.8934  EEL     =  -182230.0864  HBOND      =        0.0000
 1-4 VDW =     1296.9048  1-4 EEL =    14469.4206  RESTRAINT  =        0.0000


  Maximum number of minimization cycles reached.


                    FINAL RESULTS



   NSTEP       ENERGY          RMS            GMAX         NAME    NUMBER
   2500      -1.3618E+05     1.7200E+01     2.1776E+02     HB3      3031

 BOND    =     4592.7559  ANGLE   =     2602.7018  DIHED      =     4258.4787
 VDWAALS =    18829.8934  EEL     =  -182230.0864  HBOND      =        0.0000
 1-4 VDW =     1296.9048  1-4 EEL =    14469.4206  RESTRAINT  =        0.0000

--------------------------------------------------------------------------------
   5.  TIMINGS
--------------------------------------------------------------------------------

|                Build the list             0.73 (71.45% of List )
|                Other                      0.29 (28.55% of List )
|             List time                  1.02 ( 0.30% of Nonbo)
|                   Short_ene time           263.96 (99.02% of Direc)
|                   Other                      2.62 ( 0.98% of Direc)
|                Direct Ewald time        266.58 (78.43% of Ewald)
|                Adjust Ewald time          2.11 ( 0.62% of Ewald)
|                   Fill Bspline coeffs        2.51 ( 3.55% of Recip)
|                   Fill charge grid           8.50 (12.04% of Recip)
|                   Scalar sum                23.04 (32.62% of Recip)
|                   Grad sum                  10.78 (15.27% of Recip)
|                   FFT time                  25.80 (36.52% of Recip)
|                Recip Ewald time          70.64 (20.78% of Ewald)
|                Virial junk                0.21 ( 0.06% of Ewald)
|                Other                      0.37 ( 0.11% of Ewald)
|             Ewald time               339.91 (99.70% of Nonbo)
|          Nonbond force            340.93 (98.60% of Force)
|          Bond/Angle/Dihedral        4.79 ( 1.39% of Force)
|          Other                      0.05 ( 0.02% of Force)
|       Force time               345.77 (100.0% of Runmd)
|    Runmd Time               345.77 (98.49% of Total)
|    Other                      5.31 ( 1.51% of Total)
| Total time               351.09 (100.0% of ALL  )

| Number of list builds   :          4

| Highest rstack allocated:    2711821
| Highest istack allocated:      43077
|           Job began  at 00:37:27.031  on 07/23/2025
|           Setup done at 00:37:27.160  on 07/23/2025
|           Run   done at 00:43:18.118  on 07/23/2025
|     wallclock() was called   95056 times

|3D-RISM memory allocation summary
|Type          Maximum        Current   
|Integer       0.00000 GB     0.00000 GB
|Real          0.00000 GB     0.00000 GB
|Logical       0.00000 GB     0.00000 GB
|Character     0.00000 GB     0.00000 GB
|---------------------------------------
|Total         0.00000 GB     0.00000 GB
